<?xml version="1.0" encoding="UTF-8"?>
<testsuite xmlns:xsi="http://www.w3.org/2001/XMLSchema-instance" xsi:noNamespaceSchemaLocation="https://maven.apache.org/surefire/maven-surefire-plugin/xsd/surefire-test-report.xsd" name="epam.TagServiceTest" time="0.365" tests="13" errors="0" skipped="0" failures="0">
  <properties>
[...]
</properties>
  <testcase name="deleteTagShouldThrowMySqlException" classname="epam.TagServiceTest" time="0.327"/>
  <testcase name="isTagExistSuccessFalse" classname="epam.TagServiceTest" time="0.002"/>
  <testcase name="myTest" classname="epam.TagServiceTest" time="0.002"/>
  <testcase name="deleteTagShouldThrowMyNotFoundException" classname="epam.TagServiceTest" time="0.002"/>
  <testcase name="isTagExistSuccessTrue" classname="epam.TagServiceTest" time="0.001"/>
  <testcase name="getAllTagsSuccess" classname="epam.TagServiceTest" time="0.002"/>
  <testcase name="getTagByIdShouldThrowException" classname="epam.TagServiceTest" time="0.002"/>
  <testcase name="saveTagShouldThrowAlreadyExistException" classname="epam.TagServiceTest" time="0.001"/>
  <testcase name="saveTagSuccess" classname="epam.TagServiceTest" time="0.001"/>
  <testcase name="deleteTagSuccess" classname="epam.TagServiceTest" time="0.002"/>
  <testcase name="deleteTagShouldThrowMySqlException2" classname="epam.TagServiceTest" time="0.001"/>
  <testcase name="getTagByIdSuccess" classname="epam.TagServiceTest" time="0.002"/>
  <testcase name="saveTagShouldThrowMySqlException" classname="epam.TagServiceTest" time="0.001"/>
</testsuite>